android/app/build/intermediates/manifest_merge_blame_file/debug/manifest-merger-blame-debug-report.txt
1<?xml version="1.0" encoding="utf-8"?>
2<manifest xmlns:android="http://schemas.android.com/apk/res/android"
3    package="com.techinfo"
4    android:versionCode="1"
5    android:versionName="1.0" >
6
7    <uses-sdk
8        android:minSdkVersion="16"
9        android:targetSdkVersion="29" />
10
11    <uses-permission android:name="android.permission.SYSTEM_ALERT_WINDOW" />
11-->src\debug\AndroidManifest.xml:5:5-77
11-->src\debug\AndroidManifest.xml:5:22-75
12    <uses-permission android:name="android.permission.INTERNET" />
12-->src\main\AndroidManifest.xml:4:5-67
12-->src\main\AndroidManifest.xml:4:22-64
13    <uses-permission android:name="android.permission.ACCESS_WIFI_STATE" />
13-->[com.facebook.flipper:flipper:0.54.0] AndroidManifest.xml:16:5-76
13-->[com.facebook.flipper:flipper:0.54.0] AndroidManifest.xml:16:22-73
14    <uses-permission android:name="android.permission.WAKE_LOCK" />
14-->[:react-native-firebase_auth] AndroidManifest.xml:12:5-68
14-->[:react-native-firebase_auth] AndroidManifest.xml:12:22-65
15    <uses-permission android:name="android.permission.ACCESS_NETWORK_STATE" /> <!-- TODO(salakar) Not sure if this should be part of the package manifest or leave to users app manifest code? -->
15-->[:react-native-firebase_auth] AndroidManifest.xml:13:5-79
15-->[:react-native-firebase_auth] AndroidManifest.xml:13:22-76
16    <uses-permission android:name="android.permission.READ_EXTERNAL_STORAGE" />
16-->[:react-native-firebase_storage] AndroidManifest.xml:15:5-80
16-->[:react-native-firebase_storage] AndroidManifest.xml:15:22-77
17    <uses-permission android:name="android.permission.WRITE_EXTERNAL_STORAGE" />
17-->[:react-native-firebase_storage] AndroidManifest.xml:16:5-81
17-->[:react-native-firebase_storage] AndroidManifest.xml:16:22-78
18
19    <application
19-->src\main\AndroidManifest.xml:6:5-25:19
20        android:name="com.techinfo.MainApplication"
20-->src\main\AndroidManifest.xml:7:7-38
21        android:allowBackup="false"
21-->src\main\AndroidManifest.xml:11:7-34
22        android:appComponentFactory="androidx.core.app.CoreComponentFactory"
22-->[androidx.core:core:1.1.0] AndroidManifest.xml:24:18-86
23        android:debuggable="true"
24        android:icon="@mipmap/ic_launcher"
24-->src\main\AndroidManifest.xml:9:7-41
25        android:label="@string/app_name"
25-->src\main\AndroidManifest.xml:8:7-39
26        android:roundIcon="@mipmap/ic_launcher_round"
26-->src\main\AndroidManifest.xml:10:7-52
27        android:theme="@style/AppTheme"
27-->src\main\AndroidManifest.xml:12:7-38
28        android:usesCleartextTraffic="true" >
28-->src\debug\AndroidManifest.xml:7:18-53
29        <activity
29-->src\main\AndroidManifest.xml:13:7-23:18
30            android:name="com.techinfo.MainActivity"
30-->src\main\AndroidManifest.xml:14:9-37
31            android:configChanges="keyboard|keyboardHidden|orientation|screenSize|uiMode"
31-->src\main\AndroidManifest.xml:16:9-86
32            android:label="@string/app_name"
32-->src\main\AndroidManifest.xml:15:9-41
33            android:launchMode="singleTask"
33-->src\main\AndroidManifest.xml:17:9-40
34            android:windowSoftInputMode="adjustResize" >
34-->src\main\AndroidManifest.xml:18:9-51
35            <intent-filter>
35-->src\main\AndroidManifest.xml:19:9-22:25
36                <action android:name="android.intent.action.MAIN" />
36-->src\main\AndroidManifest.xml:20:13-65
36-->src\main\AndroidManifest.xml:20:21-62
37
38                <category android:name="android.intent.category.LAUNCHER" />
38-->src\main\AndroidManifest.xml:21:13-73
38-->src\main\AndroidManifest.xml:21:23-70
39            </intent-filter>
40        </activity>
41        <activity android:name="com.facebook.react.devsupport.DevSettingsActivity" />
41-->src\main\AndroidManifest.xml:24:7-84
41-->src\main\AndroidManifest.xml:24:17-81
42
43        <service
43-->[com.google.firebase:firebase-firestore:22.0.0] AndroidManifest.xml:17:9-23:19
44            android:name="com.google.firebase.components.ComponentDiscoveryService"
44-->[com.google.firebase:firebase-firestore:22.0.0] AndroidManifest.xml:18:13-84
45            android:directBootAware="true"
45-->[com.google.firebase:firebase-common:19.4.0] AndroidManifest.xml:35:13-43
46            android:exported="false" >
46-->[com.google.firebase:firebase-firestore:22.0.0] AndroidManifest.xml:19:13-37
47            <meta-data
47-->[com.google.firebase:firebase-firestore:22.0.0] AndroidManifest.xml:20:13-22:85
48                android:name="com.google.firebase.components:com.google.firebase.firestore.FirestoreRegistrar"
48-->[com.google.firebase:firebase-firestore:22.0.0] AndroidManifest.xml:21:17-111
49                android:value="com.google.firebase.components.ComponentRegistrar" />
49-->[com.google.firebase:firebase-firestore:22.0.0] AndroidManifest.xml:22:17-82
50            <meta-data
50-->[com.google.firebase:firebase-auth:20.0.1] AndroidManifest.xml:77:13-79:85
51                android:name="com.google.firebase.components:com.google.firebase.auth.FirebaseAuthRegistrar"
51-->[com.google.firebase:firebase-auth:20.0.1] AndroidManifest.xml:78:17-109
52                android:value="com.google.firebase.components.ComponentRegistrar" />
52-->[com.google.firebase:firebase-auth:20.0.1] AndroidManifest.xml:79:17-82
53            <meta-data
53-->[com.google.firebase:firebase-storage:19.2.0] AndroidManifest.xml:33:13-35:85
54                android:name="com.google.firebase.components:com.google.firebase.storage.StorageRegistrar"
54-->[com.google.firebase:firebase-storage:19.2.0] AndroidManifest.xml:34:17-107
55                android:value="com.google.firebase.components.ComponentRegistrar" />
55-->[com.google.firebase:firebase-storage:19.2.0] AndroidManifest.xml:35:17-82
56        </service>
57
58        <activity
58-->[com.google.android.gms:play-services-auth:19.0.0] AndroidManifest.xml:23:9-27:75
59            android:name="com.google.android.gms.auth.api.signin.internal.SignInHubActivity"
59-->[com.google.android.gms:play-services-auth:19.0.0] AndroidManifest.xml:24:13-93
60            android:excludeFromRecents="true"
60-->[com.google.android.gms:play-services-auth:19.0.0] AndroidManifest.xml:25:13-46
61            android:exported="false"
61-->[com.google.android.gms:play-services-auth:19.0.0] AndroidManifest.xml:26:13-37
62            android:theme="@android:style/Theme.Translucent.NoTitleBar" />
62-->[com.google.android.gms:play-services-auth:19.0.0] AndroidManifest.xml:27:13-72
63        <!--
64            Service handling Google Sign-In user revocation. For apps that do not integrate with
65            Google Sign-In, this service will never be started.
66        -->
67        <service
67-->[com.google.android.gms:play-services-auth:19.0.0] AndroidManifest.xml:33:9-37:51
68            android:name="com.google.android.gms.auth.api.signin.RevocationBoundService"
68-->[com.google.android.gms:play-services-auth:19.0.0] AndroidManifest.xml:34:13-89
69            android:exported="true"
69-->[com.google.android.gms:play-services-auth:19.0.0] AndroidManifest.xml:35:13-36
70            android:permission="com.google.android.gms.auth.api.signin.permission.REVOCATION_NOTIFICATION"
70-->[com.google.android.gms:play-services-auth:19.0.0] AndroidManifest.xml:36:13-107
71            android:visibleToInstantApps="true" />
71-->[com.google.android.gms:play-services-auth:19.0.0] AndroidManifest.xml:37:13-48
72
73        <activity
73-->[com.google.firebase:firebase-auth:20.0.1] AndroidManifest.xml:27:9-44:20
74            android:name="com.google.firebase.auth.internal.GenericIdpActivity"
74-->[com.google.firebase:firebase-auth:20.0.1] AndroidManifest.xml:28:13-80
75            android:excludeFromRecents="true"
75-->[com.google.firebase:firebase-auth:20.0.1] AndroidManifest.xml:29:13-46
76            android:exported="true"
76-->[com.google.firebase:firebase-auth:20.0.1] AndroidManifest.xml:30:13-36
77            android:launchMode="singleTask"
77-->[com.google.firebase:firebase-auth:20.0.1] AndroidManifest.xml:31:13-44
78            android:theme="@android:style/Theme.Translucent.NoTitleBar" >
78-->[com.google.firebase:firebase-auth:20.0.1] AndroidManifest.xml:32:13-72
79            <intent-filter>
79-->[com.google.firebase:firebase-auth:20.0.1] AndroidManifest.xml:33:13-43:29
80                <action android:name="android.intent.action.VIEW" />
80-->[com.google.firebase:firebase-auth:20.0.1] AndroidManifest.xml:34:17-69
80-->[com.google.firebase:firebase-auth:20.0.1] AndroidManifest.xml:34:25-66
81
82                <category android:name="android.intent.category.DEFAULT" />
82-->[com.google.firebase:firebase-auth:20.0.1] AndroidManifest.xml:36:17-76
82-->[com.google.firebase:firebase-auth:20.0.1] AndroidManifest.xml:36:27-73
83                <category android:name="android.intent.category.BROWSABLE" />
83-->[com.google.firebase:firebase-auth:20.0.1] AndroidManifest.xml:37:17-78
83-->[com.google.firebase:firebase-auth:20.0.1] AndroidManifest.xml:37:27-75
84
85                <data
85-->[com.google.firebase:firebase-auth:20.0.1] AndroidManifest.xml:39:17-42:51
86                    android:host="firebase.auth"
86-->[com.google.firebase:firebase-auth:20.0.1] AndroidManifest.xml:40:21-49
87                    android:path="/"
87-->[com.google.firebase:firebase-auth:20.0.1] AndroidManifest.xml:41:21-37
88                    android:scheme="genericidp" />
88-->[com.google.firebase:firebase-auth:20.0.1] AndroidManifest.xml:42:21-48
89            </intent-filter>
90        </activity>
91        <activity
91-->[com.google.firebase:firebase-auth:20.0.1] AndroidManifest.xml:45:9-62:20
92            android:name="com.google.firebase.auth.internal.RecaptchaActivity"
92-->[com.google.firebase:firebase-auth:20.0.1] AndroidManifest.xml:46:13-79
93            android:excludeFromRecents="true"
93-->[com.google.firebase:firebase-auth:20.0.1] AndroidManifest.xml:47:13-46
94            android:exported="true"
94-->[com.google.firebase:firebase-auth:20.0.1] AndroidManifest.xml:48:13-36
95            android:launchMode="singleTask"
95-->[com.google.firebase:firebase-auth:20.0.1] AndroidManifest.xml:49:13-44
96            android:theme="@android:style/Theme.Translucent.NoTitleBar" >
96-->[com.google.firebase:firebase-auth:20.0.1] AndroidManifest.xml:50:13-72
97            <intent-filter>
97-->[com.google.firebase:firebase-auth:20.0.1] AndroidManifest.xml:51:13-61:29
98                <action android:name="android.intent.action.VIEW" />
98-->[com.google.firebase:firebase-auth:20.0.1] AndroidManifest.xml:34:17-69
98-->[com.google.firebase:firebase-auth:20.0.1] AndroidManifest.xml:34:25-66
99
100                <category android:name="android.intent.category.DEFAULT" />
100-->[com.google.firebase:firebase-auth:20.0.1] AndroidManifest.xml:36:17-76
100-->[com.google.firebase:firebase-auth:20.0.1] AndroidManifest.xml:36:27-73
101                <category android:name="android.intent.category.BROWSABLE" />
101-->[com.google.firebase:firebase-auth:20.0.1] AndroidManifest.xml:37:17-78
101-->[com.google.firebase:firebase-auth:20.0.1] AndroidManifest.xml:37:27-75
102
103                <data
103-->[com.google.firebase:firebase-auth:20.0.1] AndroidManifest.xml:39:17-42:51
104                    android:host="firebase.auth"
104-->[com.google.firebase:firebase-auth:20.0.1] AndroidManifest.xml:40:21-49
105                    android:path="/"
105-->[com.google.firebase:firebase-auth:20.0.1] AndroidManifest.xml:41:21-37
106                    android:scheme="recaptcha" />
106-->[com.google.firebase:firebase-auth:20.0.1] AndroidManifest.xml:42:21-48
107            </intent-filter>
108        </activity>
109
110        <service
110-->[com.google.firebase:firebase-auth:20.0.1] AndroidManifest.xml:64:9-73:19
111            android:name="com.google.firebase.auth.api.fallback.service.FirebaseAuthFallbackService"
111-->[com.google.firebase:firebase-auth:20.0.1] AndroidManifest.xml:65:13-101
112            android:enabled="true"
112-->[com.google.firebase:firebase-auth:20.0.1] AndroidManifest.xml:66:13-35
113            android:exported="false" >
113-->[com.google.firebase:firebase-auth:20.0.1] AndroidManifest.xml:67:13-37
114            <intent-filter>
114-->[com.google.firebase:firebase-auth:20.0.1] AndroidManifest.xml:68:13-72:29
115                <action android:name="com.google.firebase.auth.api.gms.service.START" />
115-->[com.google.firebase:firebase-auth:20.0.1] AndroidManifest.xml:69:17-89
115-->[com.google.firebase:firebase-auth:20.0.1] AndroidManifest.xml:69:25-86
116
117                <category android:name="android.intent.category.DEFAULT" />
117-->[com.google.firebase:firebase-auth:20.0.1] AndroidManifest.xml:36:17-76
117-->[com.google.firebase:firebase-auth:20.0.1] AndroidManifest.xml:36:27-73
118            </intent-filter>
119        </service>
120
121        <activity
121-->[com.google.android.gms:play-services-base:17.1.0] AndroidManifest.xml:23:9-26:75
122            android:name="com.google.android.gms.common.api.GoogleApiActivity"
122-->[com.google.android.gms:play-services-base:17.1.0] AndroidManifest.xml:24:13-79
123            android:exported="false"
123-->[com.google.android.gms:play-services-base:17.1.0] AndroidManifest.xml:25:13-37
124            android:theme="@android:style/Theme.Translucent.NoTitleBar" />
124-->[com.google.android.gms:play-services-base:17.1.0] AndroidManifest.xml:26:13-72
125
126        <provider
126-->[com.google.firebase:firebase-common:19.4.0] AndroidManifest.xml:26:9-31:39
127            android:name="com.google.firebase.provider.FirebaseInitProvider"
127-->[com.google.firebase:firebase-common:19.4.0] AndroidManifest.xml:27:13-77
128            android:authorities="com.techinfo.firebaseinitprovider"
128-->[com.google.firebase:firebase-common:19.4.0] AndroidManifest.xml:28:13-72
129            android:directBootAware="true"
129-->[com.google.firebase:firebase-common:19.4.0] AndroidManifest.xml:29:13-43
130            android:exported="false"
130-->[com.google.firebase:firebase-common:19.4.0] AndroidManifest.xml:30:13-37
131            android:initOrder="100" />
131-->[com.google.firebase:firebase-common:19.4.0] AndroidManifest.xml:31:13-36
132
133        <meta-data
133-->[com.google.android.gms:play-services-basement:17.1.1] AndroidManifest.xml:23:9-25:69
134            android:name="com.google.android.gms.version"
134-->[com.google.android.gms:play-services-basement:17.1.1] AndroidManifest.xml:24:13-58
135            android:value="@integer/google_play_services_version" />
135-->[com.google.android.gms:play-services-basement:17.1.1] AndroidManifest.xml:25:13-66
136    </application>
137
138</manifest>